1732207887905:hi
1732207890604:exit
1732207901780:tom
1732207906143:what?
1732207908612:exit
1732208618366:help
1732208657370:version
1732208672278:info
1732208676606:exit
1732209120506:info
1732209129759:clear
1732209131626:exit
1732212734118:/version
1732212736047:version
1732213384438:exit
1732294499217:help
1732294502199:info
1732294506412:clear
1732294509391:list
1732295567913:exit
1732321715797:help
1732321728577:run OldDay1 PartA
1732321751758:run asfddsaf PartC
1732321811574:run OldDay1 PartA
1732323091837:run OldDay1 PartB
1732323099996:run OldDay1 PartC
1732323106229:run asfadsf PartA
1732323331228:list
1732323333385:l
1732323340390:r OldDay1 PartA
1732323342980:exit
1733057635996:l
1733057649117:r Day1 PartA
1733057655287:r Day2 PartB
1733057661953:r Day1 PartA
1733057669156:r Day1 PartB
1733057673577:exit
1733154318790:l
1733154327892:r Day1 PartA
1733154332571:r Day1 PartB
1733154339095:r Day2 PartA
1733154344404:r Day2 PartB
1733154350962:r OldDay1 PartA
1733154356818:r OldDay1 PartB
1733154360097:exit
1733154691645:r OldDay1 PartA
1733154693875:exit
1733240065534:l
1733240076607:r Day3 PartA
1733240082037:r Day3 PartB
1733240084390:exit
1733327722891:l
1733327731012:r Day4 PartA
1733327747855:r Day4 PartB
1733327751213:exit
1733585423763:l
1733585434233:r Day5 PartA
1733585439586:r Day5 PartB
1733585444685:r Day6 PartA
1733585451091:r Day7 PartB
1733585470592:r Day7 PartA
1733585476861:r Day6 PartB
1733585508108:exit
